{"/home/raj/oss/culero/backend/src/app/app.controller.ts": {"path":"/home/raj/oss/culero/backend/src/app/app.controller.ts","statementMap":{"0":{"start":{"line":1,"column":0},"end":{"line":1,"column":49}},"1":{"start":{"line":2,"column":0},"end":{"line":2,"column":56}},"2":{"start":{"line":3,"column":0},"end":{"line":3,"column":42}},"3":{"start":{"line":7,"column":7},"end":{"line":13,"column":null}},"4":{"start":{"line":11,"column":4},"end":{"line":11,"column":16}},"5":{"start":{"line":7,"column":13},"end":{"line":7,"column":26}},"6":{"start":{"line":10,"column":2},"end":{"line":12,"column":null}},"7":{"start":{"line":7,"column":13},"end":{"line":13,"column":null}}},"fnMap":{"0":{"name":"(anonymous_2)","decl":{"start":{"line":10,"column":2},"end":{"line":10,"column":8}},"loc":{"start":{"line":10,"column":8},"end":{"line":12,"column":3}}}},"branchMap":{},"s":{"0":2,"1":2,"2":2,"3":2,"4":0,"5":2,"6":2,"7":2},"f":{"0":0},"b":{}}
,"/home/raj/oss/culero/backend/src/app/app.module.ts": {"path":"/home/raj/oss/culero/backend/src/app/app.module.ts","statementMap":{"0":{"start":{"line":1,"column":0},"end":{"line":1,"column":40}},"1":{"start":{"line":2,"column":0},"end":{"line":2,"column":49}},"2":{"start":{"line":3,"column":0},"end":{"line":3,"column":49}},"3":{"start":{"line":4,"column":0},"end":{"line":4,"column":49}},"4":{"start":{"line":5,"column":0},"end":{"line":5,"column":52}},"5":{"start":{"line":6,"column":0},"end":{"line":6,"column":46}},"6":{"start":{"line":7,"column":0},"end":{"line":7,"column":41}},"7":{"start":{"line":8,"column":0},"end":{"line":8,"column":58}},"8":{"start":{"line":9,"column":0},"end":{"line":9,"column":55}},"9":{"start":{"line":10,"column":0},"end":{"line":10,"column":49}},"10":{"start":{"line":11,"column":0},"end":{"line":11,"column":61}},"11":{"start":{"line":33,"column":7},"end":{"line":33,"column":null}},"12":{"start":{"line":33,"column":13},"end":{"line":33,"column":22}},"13":{"start":{"line":33,"column":13},"end":{"line":33,"column":null}}},"fnMap":{},"branchMap":{},"s":{"0":2,"1":2,"2":2,"3":2,"4":2,"5":2,"6":2,"7":2,"8":2,"9":2,"10":2,"11":2,"12":2,"13":2},"f":{},"b":{}}
,"/home/raj/oss/culero/backend/src/auth/auth.module.ts": {"path":"/home/raj/oss/culero/backend/src/auth/auth.module.ts","statementMap":{"0":{"start":{"line":1,"column":0},"end":{"line":1,"column":40}},"1":{"start":{"line":2,"column":0},"end":{"line":2,"column":62}},"2":{"start":{"line":3,"column":0},"end":{"line":3,"column":53}},"3":{"start":{"line":4,"column":0},"end":{"line":4,"column":40}},"4":{"start":{"line":5,"column":0},"end":{"line":5,"column":93}},"5":{"start":{"line":6,"column":0},"end":{"line":6,"column":74}},"6":{"start":{"line":7,"column":0},"end":{"line":7,"column":99}},"7":{"start":{"line":8,"column":0},"end":{"line":8,"column":99}},"8":{"start":{"line":9,"column":0},"end":{"line":9,"column":80}},"9":{"start":{"line":10,"column":0},"end":{"line":10,"column":80}},"10":{"start":{"line":11,"column":0},"end":{"line":11,"column":90}},"11":{"start":{"line":12,"column":0},"end":{"line":12,"column":71}},"12":{"start":{"line":13,"column":0},"end":{"line":13,"column":51}},"13":{"start":{"line":69,"column":7},"end":{"line":69,"column":null}},"14":{"start":{"line":69,"column":13},"end":{"line":69,"column":23}},"15":{"start":{"line":69,"column":13},"end":{"line":69,"column":null}},"16":{"start":{"line":35,"column":8},"end":{"line":35,"column":57}},"17":{"start":{"line":45,"column":8},"end":{"line":45,"column":59}},"18":{"start":{"line":55,"column":8},"end":{"line":55,"column":59}},"19":{"start":{"line":63,"column":8},"end":{"line":63,"column":56}}},"fnMap":{"0":{"name":"(anonymous_1)","decl":{"start":{"line":34,"column":18},"end":{"line":34,"column":19}},"loc":{"start":{"line":34,"column":77},"end":{"line":36,"column":7}}},"1":{"name":"(anonymous_2)","decl":{"start":{"line":42,"column":18},"end":{"line":42,"column":null}},"loc":{"start":{"line":44,"column":10},"end":{"line":46,"column":7}}},"2":{"name":"(anonymous_3)","decl":{"start":{"line":52,"column":18},"end":{"line":52,"column":null}},"loc":{"start":{"line":54,"column":10},"end":{"line":56,"column":7}}},"3":{"name":"(anonymous_4)","decl":{"start":{"line":62,"column":18},"end":{"line":62,"column":19}},"loc":{"start":{"line":62,"column":75},"end":{"line":64,"column":7}}}},"branchMap":{},"s":{"0":2,"1":2,"2":2,"3":2,"4":2,"5":2,"6":2,"7":2,"8":2,"9":2,"10":2,"11":2,"12":2,"13":2,"14":2,"15":2,"16":2,"17":2,"18":2,"19":2},"f":{"0":2,"1":2,"2":2,"3":2},"b":{}}
,"/home/raj/oss/culero/backend/src/auth/controller/auth.controller.ts": {"path":"/home/raj/oss/culero/backend/src/auth/controller/auth.controller.ts","statementMap":{"0":{"start":{"line":1,"column":0},"end":{"line":1,"column":null}},"1":{"start":{"line":14,"column":0},"end":{"line":14,"column":54}},"2":{"start":{"line":15,"column":0},"end":{"line":15,"column":96}},"3":{"start":{"line":16,"column":0},"end":{"line":16,"column":45}},"4":{"start":{"line":17,"column":0},"end":{"line":17,"column":59}},"5":{"start":{"line":18,"column":0},"end":{"line":18,"column":102}},"6":{"start":{"line":19,"column":0},"end":{"line":19,"column":102}},"7":{"start":{"line":20,"column":0},"end":{"line":20,"column":93}},"8":{"start":{"line":21,"column":0},"end":{"line":21,"column":46}},"9":{"start":{"line":22,"column":0},"end":{"line":22,"column":46}},"10":{"start":{"line":23,"column":0},"end":{"line":23,"column":69}},"11":{"start":{"line":24,"column":0},"end":{"line":24,"column":null}},"12":{"start":{"line":34,"column":0},"end":{"line":34,"column":63}},"13":{"start":{"line":38,"column":7},"end":{"line":230,"column":null}},"14":{"start":{"line":40,"column":12},"end":{"line":40,"column":25}},"15":{"start":{"line":41,"column":12},"end":{"line":41,"column":40}},"16":{"start":{"line":42,"column":12},"end":{"line":42,"column":42}},"17":{"start":{"line":43,"column":12},"end":{"line":43,"column":42}},"18":{"start":{"line":44,"column":12},"end":{"line":44,"column":39}},"19":{"start":{"line":54,"column":4},"end":{"line":59,"column":5}},"20":{"start":{"line":55,"column":6},"end":{"line":58,"column":8}},"21":{"start":{"line":61,"column":4},"end":{"line":61,"column":58}},"22":{"start":{"line":68,"column":4},"end":{"line":68,"column":62}},"23":{"start":{"line":78,"column":4},"end":{"line":83,"column":5}},"24":{"start":{"line":79,"column":6},"end":{"line":82,"column":8}},"25":{"start":{"line":85,"column":4},"end":{"line":85,"column":60}},"26":{"start":{"line":92,"column":4},"end":{"line":92,"column":64}},"27":{"start":{"line":102,"column":4},"end":{"line":107,"column":5}},"28":{"start":{"line":103,"column":6},"end":{"line":106,"column":8}},"29":{"start":{"line":109,"column":4},"end":{"line":109,"column":60}},"30":{"start":{"line":116,"column":4},"end":{"line":116,"column":64}},"31":{"start":{"line":126,"column":4},"end":{"line":131,"column":5}},"32":{"start":{"line":127,"column":6},"end":{"line":130,"column":8}},"33":{"start":{"line":133,"column":4},"end":{"line":133,"column":57}},"34":{"start":{"line":140,"column":4},"end":{"line":140,"column":61}},"35":{"start":{"line":156,"column":4},"end":{"line":156,"column":46}},"36":{"start":{"line":182,"column":4},"end":{"line":182,"column":46}},"37":{"start":{"line":202,"column":4},"end":{"line":202,"column":69}},"38":{"start":{"line":228,"column":4},"end":{"line":228,"column":67}},"39":{"start":{"line":38,"column":13},"end":{"line":38,"column":27}},"40":{"start":{"line":53,"column":8},"end":{"line":62,"column":null}},"41":{"start":{"line":67,"column":8},"end":{"line":69,"column":null}},"42":{"start":{"line":77,"column":8},"end":{"line":86,"column":null}},"43":{"start":{"line":91,"column":8},"end":{"line":93,"column":null}},"44":{"start":{"line":101,"column":8},"end":{"line":110,"column":null}},"45":{"start":{"line":115,"column":8},"end":{"line":117,"column":null}},"46":{"start":{"line":125,"column":8},"end":{"line":134,"column":null}},"47":{"start":{"line":139,"column":8},"end":{"line":141,"column":null}},"48":{"start":{"line":155,"column":8},"end":{"line":157,"column":null}},"49":{"start":{"line":181,"column":8},"end":{"line":183,"column":null}},"50":{"start":{"line":201,"column":8},"end":{"line":203,"column":null}},"51":{"start":{"line":227,"column":8},"end":{"line":229,"column":null}},"52":{"start":{"line":38,"column":13},"end":{"line":230,"column":null}}},"fnMap":{"0":{"name":"(anonymous_4)","decl":{"start":{"line":39,"column":2},"end":{"line":39,"column":null}},"loc":{"start":{"line":44,"column":64},"end":{"line":45,"column":6}}},"1":{"name":"(anonymous_5)","decl":{"start":{"line":53,"column":2},"end":{"line":53,"column":7}},"loc":{"start":{"line":53,"column":35},"end":{"line":62,"column":3}}},"2":{"name":"(anonymous_6)","decl":{"start":{"line":67,"column":2},"end":{"line":67,"column":7}},"loc":{"start":{"line":67,"column":38},"end":{"line":69,"column":3}}},"3":{"name":"(anonymous_7)","decl":{"start":{"line":77,"column":2},"end":{"line":77,"column":7}},"loc":{"start":{"line":77,"column":37},"end":{"line":86,"column":3}}},"4":{"name":"(anonymous_8)","decl":{"start":{"line":91,"column":2},"end":{"line":91,"column":7}},"loc":{"start":{"line":91,"column":40},"end":{"line":93,"column":3}}},"5":{"name":"(anonymous_9)","decl":{"start":{"line":101,"column":2},"end":{"line":101,"column":7}},"loc":{"start":{"line":101,"column":37},"end":{"line":110,"column":3}}},"6":{"name":"(anonymous_10)","decl":{"start":{"line":115,"column":2},"end":{"line":115,"column":7}},"loc":{"start":{"line":115,"column":40},"end":{"line":117,"column":3}}},"7":{"name":"(anonymous_11)","decl":{"start":{"line":125,"column":2},"end":{"line":125,"column":7}},"loc":{"start":{"line":125,"column":34},"end":{"line":134,"column":3}}},"8":{"name":"(anonymous_12)","decl":{"start":{"line":139,"column":2},"end":{"line":139,"column":7}},"loc":{"start":{"line":139,"column":37},"end":{"line":141,"column":3}}},"9":{"name":"(anonymous_13)","decl":{"start":{"line":155,"column":2},"end":{"line":155,"column":7}},"loc":{"start":{"line":155,"column":37},"end":{"line":157,"column":3}}},"10":{"name":"(anonymous_14)","decl":{"start":{"line":181,"column":2},"end":{"line":181,"column":7}},"loc":{"start":{"line":181,"column":37},"end":{"line":183,"column":3}}},"11":{"name":"(anonymous_15)","decl":{"start":{"line":201,"column":2},"end":{"line":201,"column":7}},"loc":{"start":{"line":201,"column":65},"end":{"line":203,"column":3}}},"12":{"name":"(anonymous_16)","decl":{"start":{"line":227,"column":2},"end":{"line":227,"column":7}},"loc":{"start":{"line":227,"column":53},"end":{"line":229,"column":3}}}},"branchMap":{"0":{"loc":{"start":{"line":54,"column":4},"end":{"line":59,"column":5}},"type":"if","locations":[{"start":{"line":54,"column":4},"end":{"line":59,"column":5}}]},"1":{"loc":{"start":{"line":78,"column":4},"end":{"line":83,"column":5}},"type":"if","locations":[{"start":{"line":78,"column":4},"end":{"line":83,"column":5}}]},"2":{"loc":{"start":{"line":102,"column":4},"end":{"line":107,"column":5}},"type":"if","locations":[{"start":{"line":102,"column":4},"end":{"line":107,"column":5}}]},"3":{"loc":{"start":{"line":126,"column":4},"end":{"line":131,"column":5}},"type":"if","locations":[{"start":{"line":126,"column":4},"end":{"line":131,"column":5}}]}},"s":{"0":2,"1":2,"2":2,"3":2,"4":2,"5":2,"6":2,"7":2,"8":2,"9":2,"10":2,"11":2,"12":2,"13":2,"14":2,"15":2,"16":2,"17":2,"18":2,"19":0,"20":0,"21":0,"22":0,"23":0,"24":0,"25":0,"26":0,"27":0,"28":0,"29":0,"30":0,"31":0,"32":0,"33":0,"34":0,"35":3,"36":1,"37":0,"38":1,"39":2,"40":2,"41":2,"42":2,"43":2,"44":2,"45":2,"46":2,"47":2,"48":2,"49":2,"50":2,"51":2,"52":2},"f":{"0":2,"1":0,"2":0,"3":0,"4":0,"5":0,"6":0,"7":0,"8":0,"9":3,"10":1,"11":0,"12":1},"b":{"0":[0],"1":[0],"2":[0],"3":[0]}}
,"/home/raj/oss/culero/backend/src/auth/dto/email-verification.dto.ts": {"path":"/home/raj/oss/culero/backend/src/auth/dto/email-verification.dto.ts","statementMap":{"0":{"start":{"line":1,"column":0},"end":{"line":1,"column":46}},"1":{"start":{"line":2,"column":0},"end":{"line":2,"column":51}},"2":{"start":{"line":4,"column":0},"end":{"line":4,"column":13}},"3":{"start":{"line":13,"column":2},"end":{"line":13,"column":null}},"4":{"start":{"line":24,"column":2},"end":{"line":24,"column":null}}},"fnMap":{},"branchMap":{},"s":{"0":2,"1":2,"2":2,"3":2,"4":2},"f":{},"b":{}}
,"/home/raj/oss/culero/backend/src/auth/dto/signin.dto.ts": {"path":"/home/raj/oss/culero/backend/src/auth/dto/signin.dto.ts","statementMap":{"0":{"start":{"line":1,"column":0},"end":{"line":1,"column":46}},"1":{"start":{"line":2,"column":0},"end":{"line":2,"column":52}},"2":{"start":{"line":4,"column":0},"end":{"line":4,"column":13}},"3":{"start":{"line":13,"column":2},"end":{"line":13,"column":null}},"4":{"start":{"line":22,"column":2},"end":{"line":22,"column":null}}},"fnMap":{},"branchMap":{},"s":{"0":2,"1":2,"2":2,"3":2,"4":2},"f":{},"b":{}}
,"/home/raj/oss/culero/backend/src/auth/dto/signup.dto.ts": {"path":"/home/raj/oss/culero/backend/src/auth/dto/signup.dto.ts","statementMap":{"0":{"start":{"line":1,"column":0},"end":{"line":1,"column":46}},"1":{"start":{"line":2,"column":0},"end":{"line":2,"column":51}},"2":{"start":{"line":4,"column":0},"end":{"line":4,"column":13}},"3":{"start":{"line":13,"column":2},"end":{"line":13,"column":null}},"4":{"start":{"line":26,"column":2},"end":{"line":26,"column":null}}},"fnMap":{},"branchMap":{},"s":{"0":2,"1":2,"2":2,"3":2,"4":2},"f":{},"b":{}}
,"/home/raj/oss/culero/backend/src/auth/guard/auth/auth.guard.ts": {"path":"/home/raj/oss/culero/backend/src/auth/guard/auth/auth.guard.ts","statementMap":{"0":{"start":{"line":1,"column":0},"end":{"line":1,"column":null}},"1":{"start":{"line":7,"column":0},"end":{"line":7,"column":41}},"2":{"start":{"line":9,"column":0},"end":{"line":9,"column":41}},"3":{"start":{"line":10,"column":0},"end":{"line":10,"column":69}},"4":{"start":{"line":11,"column":0},"end":{"line":11,"column":63}},"5":{"start":{"line":14,"column":25},"end":{"line":14,"column":43}},"6":{"start":{"line":17,"column":7},"end":{"line":86,"column":null}},"7":{"start":{"line":19,"column":21},"end":{"line":19,"column":33}},"8":{"start":{"line":20,"column":21},"end":{"line":20,"column":29}},"9":{"start":{"line":21,"column":12},"end":{"line":21,"column":23}},"10":{"start":{"line":26,"column":21},"end":{"line":29,"column":6}},"11":{"start":{"line":32,"column":4},"end":{"line":34,"column":5}},"12":{"start":{"line":33,"column":6},"end":{"line":33,"column":18}},"13":{"start":{"line":36,"column":28},"end":{"line":36,"column":32}},"14":{"start":{"line":37,"column":20},"end":{"line":37,"column":55}},"15":{"start":{"line":41,"column":4},"end":{"line":75,"column":5}},"16":{"start":{"line":42,"column":20},"end":{"line":42,"column":53}},"17":{"start":{"line":43,"column":6},"end":{"line":45,"column":7}},"18":{"start":{"line":44,"column":8},"end":{"line":44,"column":39}},"19":{"start":{"line":47,"column":6},"end":{"line":51,"column":9}},"20":{"start":{"line":53,"column":20},"end":{"line":53,"column":56}},"21":{"start":{"line":54,"column":6},"end":{"line":56,"column":7}},"22":{"start":{"line":55,"column":8},"end":{"line":55,"column":39}},"23":{"start":{"line":57,"column":6},"end":{"line":69,"column":7}},"24":{"start":{"line":58,"column":24},"end":{"line":60,"column":10}},"25":{"start":{"line":62,"column":8},"end":{"line":66,"column":11}},"26":{"start":{"line":68,"column":8},"end":{"line":68,"column":39}},"27":{"start":{"line":72,"column":6},"end":{"line":74,"column":7}},"28":{"start":{"line":73,"column":8},"end":{"line":73,"column":59}},"29":{"start":{"line":78,"column":4},"end":{"line":78,"column":27}},"30":{"start":{"line":79,"column":4},"end":{"line":79,"column":16}},"31":{"start":{"line":83,"column":26},"end":{"line":83,"column":73}},"32":{"start":{"line":84,"column":4},"end":{"line":84,"column":49}},"33":{"start":{"line":17,"column":13},"end":{"line":17,"column":22}},"34":{"start":{"line":17,"column":13},"end":{"line":86,"column":null}}},"fnMap":{"0":{"name":"(anonymous_2)","decl":{"start":{"line":18,"column":2},"end":{"line":18,"column":null}},"loc":{"start":{"line":21,"column":32},"end":{"line":22,"column":6}}},"1":{"name":"(anonymous_3)","decl":{"start":{"line":24,"column":2},"end":{"line":24,"column":7}},"loc":{"start":{"line":24,"column":45},"end":{"line":80,"column":3}}},"2":{"name":"(anonymous_4)","decl":{"start":{"line":82,"column":10},"end":{"line":82,"column":32}},"loc":{"start":{"line":82,"column":49},"end":{"line":85,"column":3}}}},"branchMap":{"0":{"loc":{"start":{"line":32,"column":4},"end":{"line":34,"column":5}},"type":"if","locations":[{"start":{"line":32,"column":4},"end":{"line":34,"column":5}}]},"1":{"loc":{"start":{"line":41,"column":4},"end":{"line":75,"column":5}},"type":"if","locations":[{"start":{"line":41,"column":4},"end":{"line":75,"column":5}},{"start":{"line":52,"column":11},"end":{"line":75,"column":5}}]},"2":{"loc":{"start":{"line":43,"column":6},"end":{"line":45,"column":7}},"type":"if","locations":[{"start":{"line":43,"column":6},"end":{"line":45,"column":7}}]},"3":{"loc":{"start":{"line":54,"column":6},"end":{"line":56,"column":7}},"type":"if","locations":[{"start":{"line":54,"column":6},"end":{"line":56,"column":7}}]},"4":{"loc":{"start":{"line":72,"column":6},"end":{"line":74,"column":7}},"type":"if","locations":[{"start":{"line":72,"column":6},"end":{"line":74,"column":7}}]},"5":{"loc":{"start":{"line":83,"column":26},"end":{"line":83,"column":73}},"type":"binary-expr","locations":[{"start":{"line":83,"column":26},"end":{"line":83,"column":67}},{"start":{"line":83,"column":71},"end":{"line":83,"column":73}}]},"6":{"loc":{"start":{"line":84,"column":11},"end":{"line":84,"column":48}},"type":"cond-expr","locations":[{"start":{"line":84,"column":31},"end":{"line":84,"column":36}},{"start":{"line":84,"column":39},"end":{"line":84,"column":48}}]}},"s":{"0":2,"1":2,"2":2,"3":2,"4":2,"5":2,"6":2,"7":2,"8":2,"9":2,"10":23,"11":23,"12":7,"13":16,"14":16,"15":16,"16":16,"17":16,"18":0,"19":16,"20":0,"21":0,"22":0,"23":0,"24":0,"25":0,"26":0,"27":0,"28":0,"29":16,"30":16,"31":0,"32":0,"33":2,"34":2},"f":{"0":2,"1":23,"2":0},"b":{"0":[7],"1":[16,0],"2":[0],"3":[0],"4":[0],"5":[0,0],"6":[0,0]}}
,"/home/raj/oss/culero/backend/src/auth/service/auth.service.ts": {"path":"/home/raj/oss/culero/backend/src/auth/service/auth.service.ts","statementMap":{"0":{"start":{"line":1,"column":0},"end":{"line":1,"column":null}},"1":{"start":{"line":8,"column":0},"end":{"line":8,"column":60}},"2":{"start":{"line":9,"column":0},"end":{"line":9,"column":41}},"3":{"start":{"line":10,"column":0},"end":{"line":10,"column":48}},"4":{"start":{"line":12,"column":0},"end":{"line":12,"column":35}},"5":{"start":{"line":13,"column":0},"end":{"line":13,"column":54}},"6":{"start":{"line":17,"column":2},"end":{"line":17,"column":37}},"7":{"start":{"line":21,"column":7},"end":{"line":314,"column":null}},"8":{"start":{"line":23,"column":21},"end":{"line":23,"column":29}},"9":{"start":{"line":24,"column":12},"end":{"line":24,"column":17}},"10":{"start":{"line":25,"column":12},"end":{"line":25,"column":25}},"11":{"start":{"line":29,"column":17},"end":{"line":35,"column":null}},"12":{"start":{"line":38,"column":4},"end":{"line":38,"column":16}},"13":{"start":{"line":42,"column":17},"end":{"line":46,"column":6}},"14":{"start":{"line":48,"column":4},"end":{"line":50,"column":5}},"15":{"start":{"line":49,"column":6},"end":{"line":49,"column":52}},"16":{"start":{"line":52,"column":4},"end":{"line":54,"column":5}},"17":{"start":{"line":53,"column":6},"end":{"line":53,"column":58}},"18":{"start":{"line":56,"column":4},"end":{"line":56,"column":30}},"19":{"start":{"line":58,"column":18},"end":{"line":58,"column":48}},"20":{"start":{"line":60,"column":4},"end":{"line":63,"column":6}},"21":{"start":{"line":67,"column":50},"end":{"line":67,"column":58}},"22":{"start":{"line":68,"column":18},"end":{"line":68,"column":33}},"23":{"start":{"line":69,"column":30},"end":{"line":69,"column":45}},"24":{"start":{"line":71,"column":17},"end":{"line":75,"column":null}},"25":{"start":{"line":78,"column":18},"end":{"line":78,"column":48}},"26":{"start":{"line":80,"column":4},"end":{"line":83,"column":6}},"27":{"start":{"line":87,"column":37},"end":{"line":87,"column":45}},"28":{"start":{"line":88,"column":18},"end":{"line":88,"column":33}},"29":{"start":{"line":89,"column":24},"end":{"line":89,"column":62}},"30":{"start":{"line":90,"column":30},"end":{"line":90,"column":45}},"31":{"start":{"line":92,"column":17},"end":{"line":96,"column":null}},"32":{"start":{"line":99,"column":18},"end":{"line":99,"column":48}},"33":{"start":{"line":101,"column":4},"end":{"line":104,"column":6}},"34":{"start":{"line":108,"column":37},"end":{"line":108,"column":45}},"35":{"start":{"line":109,"column":18},"end":{"line":109,"column":33}},"36":{"start":{"line":110,"column":24},"end":{"line":110,"column":62}},"37":{"start":{"line":111,"column":30},"end":{"line":111,"column":45}},"38":{"start":{"line":113,"column":17},"end":{"line":117,"column":null}},"39":{"start":{"line":120,"column":18},"end":{"line":120,"column":48}},"40":{"start":{"line":122,"column":4},"end":{"line":125,"column":6}},"41":{"start":{"line":129,"column":28},"end":{"line":129,"column":36}},"42":{"start":{"line":130,"column":24},"end":{"line":130,"column":60}},"43":{"start":{"line":131,"column":17},"end":{"line":135,"column":null}},"44":{"start":{"line":138,"column":18},"end":{"line":138,"column":48}},"45":{"start":{"line":140,"column":4},"end":{"line":143,"column":6}},"46":{"start":{"line":147,"column":17},"end":{"line":147,"column":50}},"47":{"start":{"line":148,"column":4},"end":{"line":150,"column":5}},"48":{"start":{"line":149,"column":6},"end":{"line":149,"column":52}},"49":{"start":{"line":152,"column":4},"end":{"line":154,"column":5}},"50":{"start":{"line":153,"column":6},"end":{"line":153,"column":62}},"51":{"start":{"line":155,"column":4},"end":{"line":155,"column":48}},"52":{"start":{"line":159,"column":29},"end":{"line":163,"column":6}},"53":{"start":{"line":165,"column":4},"end":{"line":167,"column":5}},"54":{"start":{"line":166,"column":6},"end":{"line":166,"column":52}},"55":{"start":{"line":169,"column":4},"end":{"line":171,"column":5}},"56":{"start":{"line":170,"column":6},"end":{"line":170,"column":52}},"57":{"start":{"line":173,"column":4},"end":{"line":175,"column":5}},"58":{"start":{"line":174,"column":6},"end":{"line":174,"column":52}},"59":{"start":{"line":177,"column":17},"end":{"line":192,"column":6}},"60":{"start":{"line":194,"column":4},"end":{"line":198,"column":7}},"61":{"start":{"line":200,"column":4},"end":{"line":200,"column":57}},"62":{"start":{"line":202,"column":18},"end":{"line":202,"column":48}},"63":{"start":{"line":204,"column":4},"end":{"line":207,"column":6}},"64":{"start":{"line":218,"column":15},"end":{"line":218,"column":48}},"65":{"start":{"line":219,"column":4},"end":{"line":221,"column":5}},"66":{"start":{"line":220,"column":6},"end":{"line":220,"column":57}},"67":{"start":{"line":223,"column":4},"end":{"line":245,"column":5}},"68":{"start":{"line":224,"column":6},"end":{"line":240,"column":9}},"69":{"start":{"line":242,"column":6},"end":{"line":242,"column":50}},"70":{"start":{"line":243,"column":11},"end":{"line":245,"column":5}},"71":{"start":{"line":244,"column":6},"end":{"line":244,"column":50}},"72":{"start":{"line":246,"column":4},"end":{"line":246,"column":16}},"73":{"start":{"line":251,"column":4},"end":{"line":253,"column":5}},"74":{"start":{"line":252,"column":6},"end":{"line":252,"column":13}},"75":{"start":{"line":255,"column":4},"end":{"line":255,"column":53}},"76":{"start":{"line":259,"column":4},"end":{"line":271,"column":7}},"77":{"start":{"line":279,"column":4},"end":{"line":292,"column":5}},"78":{"start":{"line":280,"column":6},"end":{"line":280,"column":68}},"79":{"start":{"line":283,"column":27},"end":{"line":287,"column":8}},"80":{"start":{"line":289,"column":6},"end":{"line":291,"column":7}},"81":{"start":{"line":290,"column":8},"end":{"line":290,"column":14}},"82":{"start":{"line":295,"column":22},"end":{"line":295,"column":59}},"83":{"start":{"line":298,"column":4},"end":{"line":311,"column":7}},"84":{"start":{"line":312,"column":4},"end":{"line":312,"column":66}},"85":{"start":{"line":21,"column":13},"end":{"line":21,"column":24}},"86":{"start":{"line":21,"column":13},"end":{"line":314,"column":null}}},"fnMap":{"0":{"name":"hashPassword","decl":{"start":{"line":16,"column":9},"end":{"line":16,"column":21}},"loc":{"start":{"line":16,"column":38},"end":{"line":18,"column":1}}},"1":{"name":"(anonymous_3)","decl":{"start":{"line":22,"column":2},"end":{"line":22,"column":null}},"loc":{"start":{"line":25,"column":36},"end":{"line":26,"column":6}}},"2":{"name":"(anonymous_4)","decl":{"start":{"line":28,"column":2},"end":{"line":28,"column":7}},"loc":{"start":{"line":28,"column":29},"end":{"line":39,"column":3}}},"3":{"name":"(anonymous_5)","decl":{"start":{"line":41,"column":2},"end":{"line":41,"column":7}},"loc":{"start":{"line":41,"column":29},"end":{"line":64,"column":3}}},"4":{"name":"(anonymous_6)","decl":{"start":{"line":66,"column":2},"end":{"line":66,"column":7}},"loc":{"start":{"line":66,"column":39},"end":{"line":84,"column":3}}},"5":{"name":"(anonymous_7)","decl":{"start":{"line":86,"column":2},"end":{"line":86,"column":7}},"loc":{"start":{"line":86,"column":41},"end":{"line":105,"column":3}}},"6":{"name":"(anonymous_8)","decl":{"start":{"line":107,"column":2},"end":{"line":107,"column":7}},"loc":{"start":{"line":107,"column":41},"end":{"line":126,"column":3}}},"7":{"name":"(anonymous_9)","decl":{"start":{"line":128,"column":2},"end":{"line":128,"column":7}},"loc":{"start":{"line":128,"column":38},"end":{"line":144,"column":3}}},"8":{"name":"(anonymous_10)","decl":{"start":{"line":146,"column":2},"end":{"line":146,"column":7}},"loc":{"start":{"line":146,"column":49},"end":{"line":156,"column":3}}},"9":{"name":"(anonymous_11)","decl":{"start":{"line":158,"column":2},"end":{"line":158,"column":7}},"loc":{"start":{"line":158,"column":47},"end":{"line":208,"column":3}}},"10":{"name":"(anonymous_12)","decl":{"start":{"line":210,"column":10},"end":{"line":210,"column":15}},"loc":{"start":{"line":216,"column":36},"end":{"line":247,"column":3}}},"11":{"name":"(anonymous_13)","decl":{"start":{"line":249,"column":10},"end":{"line":249,"column":15}},"loc":{"start":{"line":249,"column":49},"end":{"line":256,"column":3}}},"12":{"name":"(anonymous_14)","decl":{"start":{"line":258,"column":10},"end":{"line":258,"column":15}},"loc":{"start":{"line":258,"column":45},"end":{"line":272,"column":3}}},"13":{"name":"(anonymous_15)","decl":{"start":{"line":274,"column":10},"end":{"line":274,"column":15}},"loc":{"start":{"line":274,"column":55},"end":{"line":313,"column":3}}}},"branchMap":{"0":{"loc":{"start":{"line":48,"column":4},"end":{"line":50,"column":5}},"type":"if","locations":[{"start":{"line":48,"column":4},"end":{"line":50,"column":5}}]},"1":{"loc":{"start":{"line":52,"column":4},"end":{"line":54,"column":5}},"type":"if","locations":[{"start":{"line":52,"column":4},"end":{"line":54,"column":5}}]},"2":{"loc":{"start":{"line":148,"column":4},"end":{"line":150,"column":5}},"type":"if","locations":[{"start":{"line":148,"column":4},"end":{"line":150,"column":5}}]},"3":{"loc":{"start":{"line":152,"column":4},"end":{"line":154,"column":5}},"type":"if","locations":[{"start":{"line":152,"column":4},"end":{"line":154,"column":5}}]},"4":{"loc":{"start":{"line":165,"column":4},"end":{"line":167,"column":5}},"type":"if","locations":[{"start":{"line":165,"column":4},"end":{"line":167,"column":5}}]},"5":{"loc":{"start":{"line":169,"column":4},"end":{"line":171,"column":5}},"type":"if","locations":[{"start":{"line":169,"column":4},"end":{"line":171,"column":5}}]},"6":{"loc":{"start":{"line":173,"column":4},"end":{"line":175,"column":5}},"type":"if","locations":[{"start":{"line":173,"column":4},"end":{"line":175,"column":5}}]},"7":{"loc":{"start":{"line":219,"column":4},"end":{"line":221,"column":5}},"type":"if","locations":[{"start":{"line":219,"column":4},"end":{"line":221,"column":5}}]},"8":{"loc":{"start":{"line":219,"column":8},"end":{"line":219,"column":38}},"type":"binary-expr","locations":[{"start":{"line":219,"column":8},"end":{"line":219,"column":12}},{"start":{"line":219,"column":16},"end":{"line":219,"column":38}}]},"9":{"loc":{"start":{"line":223,"column":4},"end":{"line":245,"column":5}},"type":"if","locations":[{"start":{"line":223,"column":4},"end":{"line":245,"column":5}},{"start":{"line":243,"column":11},"end":{"line":245,"column":5}}]},"10":{"loc":{"start":{"line":243,"column":11},"end":{"line":245,"column":5}},"type":"if","locations":[{"start":{"line":243,"column":11},"end":{"line":245,"column":5}}]},"11":{"loc":{"start":{"line":251,"column":4},"end":{"line":253,"column":5}},"type":"if","locations":[{"start":{"line":251,"column":4},"end":{"line":253,"column":5}}]},"12":{"loc":{"start":{"line":289,"column":6},"end":{"line":291,"column":7}},"type":"if","locations":[{"start":{"line":289,"column":6},"end":{"line":291,"column":7}}]}},"s":{"0":2,"1":2,"2":2,"3":2,"4":2,"5":2,"6":4,"7":2,"8":2,"9":2,"10":2,"11":3,"12":3,"13":1,"14":1,"15":0,"16":1,"17":0,"18":1,"19":1,"20":1,"21":0,"22":0,"23":0,"24":0,"25":0,"26":0,"27":0,"28":0,"29":0,"30":0,"31":0,"32":0,"33":0,"34":0,"35":0,"36":0,"37":0,"38":0,"39":0,"40":0,"41":0,"42":0,"43":0,"44":0,"45":0,"46":0,"47":0,"48":0,"49":0,"50":0,"51":0,"52":1,"53":1,"54":0,"55":1,"56":0,"57":1,"58":0,"59":1,"60":1,"61":1,"62":1,"63":1,"64":3,"65":3,"66":0,"67":3,"68":3,"69":3,"70":0,"71":0,"72":3,"73":2,"74":0,"75":2,"76":3,"77":3,"78":3,"79":3,"80":3,"81":3,"82":3,"83":3,"84":3,"85":2,"86":2},"f":{"0":4,"1":2,"2":3,"3":1,"4":0,"5":0,"6":0,"7":0,"8":0,"9":1,"10":3,"11":2,"12":3,"13":3},"b":{"0":[0],"1":[0],"2":[0],"3":[0],"4":[0],"5":[0],"6":[0],"7":[0],"8":[3,0],"9":[3,0],"10":[0],"11":[0],"12":[3]}}
,"/home/raj/oss/culero/backend/src/decorators/current-user.decorator.ts": {"path":"/home/raj/oss/culero/backend/src/decorators/current-user.decorator.ts","statementMap":{"0":{"start":{"line":1,"column":0},"end":{"line":1,"column":72}},"1":{"start":{"line":4,"column":13},"end":{"line":11,"column":3}},"2":{"start":{"line":9,"column":18},"end":{"line":9,"column":49}},"3":{"start":{"line":10,"column":2},"end":{"line":10,"column":22}}},"fnMap":{"0":{"name":"(anonymous_0)","decl":{"start":{"line":8,"column":2},"end":{"line":8,"column":3}},"loc":{"start":{"line":8,"column":40},"end":{"line":11,"column":1}}}},"branchMap":{},"s":{"0":2,"1":2,"2":16,"3":16},"f":{"0":16},"b":{}}
,"/home/raj/oss/culero/backend/src/decorators/public.decorator.ts": {"path":"/home/raj/oss/culero/backend/src/decorators/public.decorator.ts","statementMap":{"0":{"start":{"line":1,"column":0},"end":{"line":1,"column":45}},"1":{"start":{"line":3,"column":13},"end":{"line":3,"column":40}},"2":{"start":{"line":4,"column":22},"end":{"line":4,"column":60}},"3":{"start":{"line":4,"column":28},"end":{"line":4,"column":60}},"4":{"start":{"line":4,"column":13},"end":{"line":4,"column":22}}},"fnMap":{"0":{"name":"(anonymous_0)","decl":{"start":{"line":4,"column":22},"end":{"line":4,"column":25}},"loc":{"start":{"line":4,"column":28},"end":{"line":4,"column":60}}}},"branchMap":{},"s":{"0":2,"1":2,"2":2,"3":28,"4":2},"f":{"0":28},"b":{}}
,"/home/raj/oss/culero/backend/src/mail/interface.service.ts": {"path":"/home/raj/oss/culero/backend/src/mail/interface.service.ts","statementMap":{"0":{"start":{"line":1,"column":13},"end":{"line":1,"column":43}}},"fnMap":{},"branchMap":{},"s":{"0":2},"f":{},"b":{}}
,"/home/raj/oss/culero/backend/src/mail/mail.mock.ts": {"path":"/home/raj/oss/culero/backend/src/mail/mail.mock.ts","statementMap":{"0":{"start":{"line":6,"column":4},"end":{"line":6,"column":11}},"1":{"start":{"line":10,"column":4},"end":{"line":10,"column":11}},"2":{"start":{"line":4,"column":0},"end":{"line":4,"column":13}}},"fnMap":{"0":{"name":"(anonymous_0)","decl":{"start":{"line":5,"column":2},"end":{"line":5,"column":7}},"loc":{"start":{"line":5,"column":61},"end":{"line":7,"column":3}}},"1":{"name":"(anonymous_1)","decl":{"start":{"line":9,"column":2},"end":{"line":9,"column":7}},"loc":{"start":{"line":9,"column":44},"end":{"line":11,"column":3}}}},"branchMap":{},"s":{"0":0,"1":0,"2":2},"f":{"0":0,"1":0},"b":{}}
,"/home/raj/oss/culero/backend/src/mail/mail.module.ts": {"path":"/home/raj/oss/culero/backend/src/mail/mail.module.ts","statementMap":{"0":{"start":{"line":1,"column":0},"end":{"line":1,"column":48}},"1":{"start":{"line":2,"column":0},"end":{"line":2,"column":45}},"2":{"start":{"line":3,"column":0},"end":{"line":3,"column":51}},"3":{"start":{"line":20,"column":7},"end":{"line":20,"column":null}},"4":{"start":{"line":20,"column":13},"end":{"line":20,"column":23}},"5":{"start":{"line":20,"column":13},"end":{"line":20,"column":null}}},"fnMap":{},"branchMap":{},"s":{"0":2,"1":2,"2":2,"3":2,"4":2,"5":2},"f":{},"b":{}}
,"/home/raj/oss/culero/backend/src/mail/mail.service.ts": {"path":"/home/raj/oss/culero/backend/src/mail/mail.service.ts","statementMap":{"0":{"start":{"line":1,"column":0},"end":{"line":1,"column":52}},"1":{"start":{"line":2,"column":0},"end":{"line":2,"column":58}},"2":{"start":{"line":6,"column":24},"end":{"line":51,"column":null}},"3":{"start":{"line":8,"column":19},"end":{"line":8,"column":54}},"4":{"start":{"line":11,"column":4},"end":{"line":19,"column":7}},"5":{"start":{"line":23,"column":20},"end":{"line":23,"column":40}},"6":{"start":{"line":24,"column":17},"end":{"line":24,"column":77}},"7":{"start":{"line":25,"column":4},"end":{"line":25,"column":47}},"8":{"start":{"line":29,"column":20},"end":{"line":29,"column":36}},"9":{"start":{"line":30,"column":17},"end":{"line":30,"column":54}},"10":{"start":{"line":31,"column":4},"end":{"line":31,"column":47}},"11":{"start":{"line":39,"column":4},"end":{"line":49,"column":5}},"12":{"start":{"line":40,"column":6},"end":{"line":45,"column":9}},"13":{"start":{"line":46,"column":6},"end":{"line":46,"column":45}},"14":{"start":{"line":48,"column":6},"end":{"line":48,"column":74}},"15":{"start":{"line":6,"column":13},"end":{"line":6,"column":24}},"16":{"start":{"line":6,"column":13},"end":{"line":51,"column":null}}},"fnMap":{"0":{"name":"(anonymous_2)","decl":{"start":{"line":10,"column":2},"end":{"line":10,"column":null}},"loc":{"start":{"line":10,"column":2},"end":{"line":20,"column":3}}},"1":{"name":"(anonymous_3)","decl":{"start":{"line":22,"column":2},"end":{"line":22,"column":7}},"loc":{"start":{"line":22,"column":61},"end":{"line":26,"column":3}}},"2":{"name":"(anonymous_4)","decl":{"start":{"line":28,"column":2},"end":{"line":28,"column":7}},"loc":{"start":{"line":28,"column":44},"end":{"line":32,"column":3}}},"3":{"name":"(anonymous_5)","decl":{"start":{"line":34,"column":10},"end":{"line":34,"column":15}},"loc":{"start":{"line":37,"column":16},"end":{"line":50,"column":3}}}},"branchMap":{},"s":{"0":2,"1":2,"2":2,"3":2,"4":2,"5":3,"6":3,"7":3,"8":1,"9":1,"10":1,"11":4,"12":4,"13":4,"14":0,"15":2,"16":2},"f":{"0":2,"1":3,"2":1,"3":4},"b":{}}
,"/home/raj/oss/culero/backend/src/oauth/oauth.module.ts": {"path":"/home/raj/oss/culero/backend/src/oauth/oauth.module.ts","statementMap":{"0":{"start":{"line":1,"column":0},"end":{"line":1,"column":40}},"1":{"start":{"line":4,"column":7},"end":{"line":4,"column":null}},"2":{"start":{"line":4,"column":13},"end":{"line":4,"column":24}},"3":{"start":{"line":4,"column":13},"end":{"line":4,"column":null}}},"fnMap":{},"branchMap":{},"s":{"0":2,"1":2,"2":2,"3":2},"f":{},"b":{}}
,"/home/raj/oss/culero/backend/src/oauth/factory/apple/apple-strategy.factory.ts": {"path":"/home/raj/oss/culero/backend/src/oauth/factory/apple/apple-strategy.factory.ts","statementMap":{"0":{"start":{"line":1,"column":0},"end":{"line":1,"column":52}},"1":{"start":{"line":2,"column":0},"end":{"line":2,"column":47}},"2":{"start":{"line":4,"column":0},"end":{"line":4,"column":68}},"3":{"start":{"line":7,"column":7},"end":{"line":46,"column":null}},"4":{"start":{"line":14,"column":31},"end":{"line":14,"column":46}},"5":{"start":{"line":15,"column":4},"end":{"line":15,"column":70}},"6":{"start":{"line":16,"column":4},"end":{"line":16,"column":66}},"7":{"start":{"line":17,"column":4},"end":{"line":17,"column":64}},"8":{"start":{"line":18,"column":4},"end":{"line":18,"column":59}},"9":{"start":{"line":19,"column":4},"end":{"line":19,"column":76}},"10":{"start":{"line":23,"column":4},"end":{"line":29,"column":6}},"11":{"start":{"line":33,"column":4},"end":{"line":44,"column":5}},"12":{"start":{"line":34,"column":6},"end":{"line":40,"column":25}},"13":{"start":{"line":42,"column":6},"end":{"line":42,"column":68}},"14":{"start":{"line":43,"column":6},"end":{"line":43,"column":18}},"15":{"start":{"line":7,"column":13},"end":{"line":7,"column":38}},"16":{"start":{"line":7,"column":13},"end":{"line":46,"column":null}}},"fnMap":{"0":{"name":"(anonymous_2)","decl":{"start":{"line":14,"column":2},"end":{"line":14,"column":31}},"loc":{"start":{"line":14,"column":59},"end":{"line":20,"column":3}}},"1":{"name":"(anonymous_3)","decl":{"start":{"line":22,"column":9},"end":{"line":22,"column":23}},"loc":{"start":{"line":22,"column":23},"end":{"line":30,"column":3}}},"2":{"name":"(anonymous_4)","decl":{"start":{"line":32,"column":9},"end":{"line":32,"column":28}},"loc":{"start":{"line":32,"column":28},"end":{"line":45,"column":3}}}},"branchMap":{"0":{"loc":{"start":{"line":24,"column":6},"end":{"line":28,"column":19}},"type":"binary-expr","locations":[{"start":{"line":24,"column":6},"end":{"line":24,"column":19}},{"start":{"line":25,"column":8},"end":{"line":25,"column":24}},{"start":{"line":26,"column":8},"end":{"line":26,"column":18}},{"start":{"line":27,"column":8},"end":{"line":27,"column":16}},{"start":{"line":28,"column":8},"end":{"line":28,"column":19}}]},"1":{"loc":{"start":{"line":33,"column":4},"end":{"line":44,"column":5}},"type":"if","locations":[{"start":{"line":33,"column":4},"end":{"line":44,"column":5}},{"start":{"line":41,"column":11},"end":{"line":44,"column":5}}]}},"s":{"0":2,"1":2,"2":2,"3":2,"4":2,"5":2,"6":2,"7":2,"8":2,"9":2,"10":2,"11":2,"12":0,"13":2,"14":2,"15":2,"16":2},"f":{"0":2,"1":2,"2":2},"b":{"0":[2,2,2,2,0],"1":[0,2]}}
,"/home/raj/oss/culero/backend/src/oauth/factory/facebook/facebook-strategy.factory.ts": {"path":"/home/raj/oss/culero/backend/src/oauth/factory/facebook/facebook-strategy.factory.ts","statementMap":{"0":{"start":{"line":1,"column":0},"end":{"line":1,"column":52}},"1":{"start":{"line":2,"column":0},"end":{"line":2,"column":47}},"2":{"start":{"line":4,"column":0},"end":{"line":4,"column":77}},"3":{"start":{"line":7,"column":7},"end":{"line":36,"column":null}},"4":{"start":{"line":12,"column":31},"end":{"line":12,"column":46}},"5":{"start":{"line":13,"column":4},"end":{"line":13,"column":73}},"6":{"start":{"line":14,"column":4},"end":{"line":16,"column":6}},"7":{"start":{"line":17,"column":4},"end":{"line":17,"column":79}},"8":{"start":{"line":21,"column":4},"end":{"line":21,"column":75}},"9":{"start":{"line":25,"column":4},"end":{"line":34,"column":5}},"10":{"start":{"line":26,"column":6},"end":{"line":30,"column":28}},"11":{"start":{"line":32,"column":6},"end":{"line":32,"column":71}},"12":{"start":{"line":33,"column":6},"end":{"line":33,"column":18}},"13":{"start":{"line":7,"column":13},"end":{"line":7,"column":41}},"14":{"start":{"line":7,"column":13},"end":{"line":36,"column":null}}},"fnMap":{"0":{"name":"(anonymous_2)","decl":{"start":{"line":12,"column":2},"end":{"line":12,"column":31}},"loc":{"start":{"line":12,"column":59},"end":{"line":18,"column":3}}},"1":{"name":"(anonymous_3)","decl":{"start":{"line":20,"column":9},"end":{"line":20,"column":23}},"loc":{"start":{"line":20,"column":23},"end":{"line":22,"column":3}}},"2":{"name":"(anonymous_4)","decl":{"start":{"line":24,"column":9},"end":{"line":24,"column":28}},"loc":{"start":{"line":24,"column":28},"end":{"line":35,"column":3}}}},"branchMap":{"0":{"loc":{"start":{"line":21,"column":19},"end":{"line":21,"column":73}},"type":"binary-expr","locations":[{"start":{"line":21,"column":19},"end":{"line":21,"column":32}},{"start":{"line":21,"column":36},"end":{"line":21,"column":53}},{"start":{"line":21,"column":57},"end":{"line":21,"column":73}}]},"1":{"loc":{"start":{"line":25,"column":4},"end":{"line":34,"column":5}},"type":"if","locations":[{"start":{"line":25,"column":4},"end":{"line":34,"column":5}},{"start":{"line":31,"column":11},"end":{"line":34,"column":5}}]}},"s":{"0":2,"1":2,"2":2,"3":2,"4":2,"5":2,"6":2,"7":2,"8":2,"9":2,"10":2,"11":0,"12":0,"13":2,"14":2},"f":{"0":2,"1":2,"2":2},"b":{"0":[2,2,2],"1":[2,0]}}
,"/home/raj/oss/culero/backend/src/oauth/factory/google/google-strategy.factory.ts": {"path":"/home/raj/oss/culero/backend/src/oauth/factory/google/google-strategy.factory.ts","statementMap":{"0":{"start":{"line":1,"column":0},"end":{"line":1,"column":52}},"1":{"start":{"line":2,"column":0},"end":{"line":2,"column":47}},"2":{"start":{"line":4,"column":0},"end":{"line":4,"column":71}},"3":{"start":{"line":7,"column":7},"end":{"line":34,"column":null}},"4":{"start":{"line":12,"column":31},"end":{"line":12,"column":46}},"5":{"start":{"line":13,"column":4},"end":{"line":13,"column":71}},"6":{"start":{"line":14,"column":4},"end":{"line":14,"column":79}},"7":{"start":{"line":15,"column":4},"end":{"line":15,"column":77}},"8":{"start":{"line":19,"column":4},"end":{"line":19,"column":75}},"9":{"start":{"line":23,"column":4},"end":{"line":32,"column":5}},"10":{"start":{"line":24,"column":6},"end":{"line":28,"column":26}},"11":{"start":{"line":30,"column":6},"end":{"line":30,"column":69}},"12":{"start":{"line":31,"column":6},"end":{"line":31,"column":18}},"13":{"start":{"line":7,"column":13},"end":{"line":7,"column":39}},"14":{"start":{"line":7,"column":13},"end":{"line":34,"column":null}}},"fnMap":{"0":{"name":"(anonymous_2)","decl":{"start":{"line":12,"column":2},"end":{"line":12,"column":31}},"loc":{"start":{"line":12,"column":59},"end":{"line":16,"column":3}}},"1":{"name":"(anonymous_3)","decl":{"start":{"line":18,"column":9},"end":{"line":18,"column":23}},"loc":{"start":{"line":18,"column":23},"end":{"line":20,"column":3}}},"2":{"name":"(anonymous_4)","decl":{"start":{"line":22,"column":9},"end":{"line":22,"column":28}},"loc":{"start":{"line":22,"column":28},"end":{"line":33,"column":3}}}},"branchMap":{"0":{"loc":{"start":{"line":19,"column":19},"end":{"line":19,"column":73}},"type":"binary-expr","locations":[{"start":{"line":19,"column":19},"end":{"line":19,"column":32}},{"start":{"line":19,"column":36},"end":{"line":19,"column":53}},{"start":{"line":19,"column":57},"end":{"line":19,"column":73}}]},"1":{"loc":{"start":{"line":23,"column":4},"end":{"line":32,"column":5}},"type":"if","locations":[{"start":{"line":23,"column":4},"end":{"line":32,"column":5}},{"start":{"line":29,"column":11},"end":{"line":32,"column":5}}]}},"s":{"0":2,"1":2,"2":2,"3":2,"4":2,"5":2,"6":2,"7":2,"8":2,"9":2,"10":2,"11":0,"12":0,"13":2,"14":2},"f":{"0":2,"1":2,"2":2},"b":{"0":[2,2,2],"1":[2,0]}}
,"/home/raj/oss/culero/backend/src/oauth/factory/linkedin/linkedin-strategy.factory.ts": {"path":"/home/raj/oss/culero/backend/src/oauth/factory/linkedin/linkedin-strategy.factory.ts","statementMap":{"0":{"start":{"line":1,"column":0},"end":{"line":1,"column":52}},"1":{"start":{"line":2,"column":0},"end":{"line":2,"column":47}},"2":{"start":{"line":4,"column":0},"end":{"line":4,"column":77}},"3":{"start":{"line":7,"column":7},"end":{"line":36,"column":null}},"4":{"start":{"line":12,"column":31},"end":{"line":12,"column":46}},"5":{"start":{"line":13,"column":4},"end":{"line":13,"column":73}},"6":{"start":{"line":14,"column":4},"end":{"line":16,"column":6}},"7":{"start":{"line":17,"column":4},"end":{"line":17,"column":79}},"8":{"start":{"line":21,"column":4},"end":{"line":21,"column":75}},"9":{"start":{"line":25,"column":4},"end":{"line":34,"column":5}},"10":{"start":{"line":26,"column":6},"end":{"line":30,"column":28}},"11":{"start":{"line":32,"column":6},"end":{"line":32,"column":71}},"12":{"start":{"line":33,"column":6},"end":{"line":33,"column":18}},"13":{"start":{"line":7,"column":13},"end":{"line":7,"column":41}},"14":{"start":{"line":7,"column":13},"end":{"line":36,"column":null}}},"fnMap":{"0":{"name":"(anonymous_2)","decl":{"start":{"line":12,"column":2},"end":{"line":12,"column":31}},"loc":{"start":{"line":12,"column":59},"end":{"line":18,"column":3}}},"1":{"name":"(anonymous_3)","decl":{"start":{"line":20,"column":9},"end":{"line":20,"column":23}},"loc":{"start":{"line":20,"column":23},"end":{"line":22,"column":3}}},"2":{"name":"(anonymous_4)","decl":{"start":{"line":24,"column":9},"end":{"line":24,"column":28}},"loc":{"start":{"line":24,"column":28},"end":{"line":35,"column":3}}}},"branchMap":{"0":{"loc":{"start":{"line":21,"column":19},"end":{"line":21,"column":73}},"type":"binary-expr","locations":[{"start":{"line":21,"column":19},"end":{"line":21,"column":32}},{"start":{"line":21,"column":36},"end":{"line":21,"column":53}},{"start":{"line":21,"column":57},"end":{"line":21,"column":73}}]},"1":{"loc":{"start":{"line":25,"column":4},"end":{"line":34,"column":5}},"type":"if","locations":[{"start":{"line":25,"column":4},"end":{"line":34,"column":5}},{"start":{"line":31,"column":11},"end":{"line":34,"column":5}}]}},"s":{"0":2,"1":2,"2":2,"3":2,"4":2,"5":2,"6":2,"7":2,"8":2,"9":2,"10":2,"11":0,"12":0,"13":2,"14":2},"f":{"0":2,"1":2,"2":2},"b":{"0":[2,2,2],"1":[2,0]}}
,"/home/raj/oss/culero/backend/src/oauth/strategy/apple/apple.strategy.ts": {"path":"/home/raj/oss/culero/backend/src/oauth/strategy/apple/apple.strategy.ts","statementMap":{"0":{"start":{"line":1,"column":0},"end":{"line":1,"column":44}},"1":{"start":{"line":2,"column":0},"end":{"line":2,"column":52}},"2":{"start":{"line":3,"column":0},"end":{"line":3,"column":71}},"3":{"start":{"line":6,"column":7},"end":{"line":32,"column":null}},"4":{"start":{"line":14,"column":4},"end":{"line":22,"column":7}},"5":{"start":{"line":30,"column":4},"end":{"line":30,"column":19}},"6":{"start":{"line":6,"column":13},"end":{"line":6,"column":26}},"7":{"start":{"line":6,"column":13},"end":{"line":32,"column":null}}},"fnMap":{"0":{"name":"(anonymous_2)","decl":{"start":{"line":7,"column":2},"end":{"line":7,"column":null}},"loc":{"start":{"line":12,"column":23},"end":{"line":23,"column":3}}},"1":{"name":"(anonymous_3)","decl":{"start":{"line":25,"column":2},"end":{"line":25,"column":7}},"loc":{"start":{"line":28,"column":20},"end":{"line":31,"column":3}}}},"branchMap":{},"s":{"0":2,"1":2,"2":2,"3":2,"4":0,"5":0,"6":2,"7":2},"f":{"0":0,"1":0},"b":{}}
,"/home/raj/oss/culero/backend/src/oauth/strategy/facebook/facebook.strategy.ts": {"path":"/home/raj/oss/culero/backend/src/oauth/strategy/facebook/facebook.strategy.ts","statementMap":{"0":{"start":{"line":1,"column":0},"end":{"line":1,"column":44}},"1":{"start":{"line":2,"column":0},"end":{"line":2,"column":52}},"2":{"start":{"line":3,"column":0},"end":{"line":3,"column":54}},"3":{"start":{"line":6,"column":7},"end":{"line":24,"column":null}},"4":{"start":{"line":8,"column":4},"end":{"line":14,"column":7}},"5":{"start":{"line":22,"column":4},"end":{"line":22,"column":19}},"6":{"start":{"line":6,"column":13},"end":{"line":6,"column":29}},"7":{"start":{"line":6,"column":13},"end":{"line":24,"column":null}}},"fnMap":{"0":{"name":"(anonymous_2)","decl":{"start":{"line":7,"column":2},"end":{"line":7,"column":14}},"loc":{"start":{"line":7,"column":73},"end":{"line":15,"column":3}}},"1":{"name":"(anonymous_3)","decl":{"start":{"line":17,"column":2},"end":{"line":17,"column":7}},"loc":{"start":{"line":20,"column":20},"end":{"line":23,"column":3}}}},"branchMap":{},"s":{"0":2,"1":2,"2":2,"3":2,"4":2,"5":0,"6":2,"7":2},"f":{"0":2,"1":0},"b":{}}
,"/home/raj/oss/culero/backend/src/oauth/strategy/google/google.strategy.ts": {"path":"/home/raj/oss/culero/backend/src/oauth/strategy/google/google.strategy.ts","statementMap":{"0":{"start":{"line":1,"column":0},"end":{"line":1,"column":44}},"1":{"start":{"line":2,"column":0},"end":{"line":2,"column":52}},"2":{"start":{"line":3,"column":0},"end":{"line":3,"column":60}},"3":{"start":{"line":6,"column":7},"end":{"line":23,"column":null}},"4":{"start":{"line":8,"column":4},"end":{"line":13,"column":7}},"5":{"start":{"line":21,"column":4},"end":{"line":21,"column":19}},"6":{"start":{"line":6,"column":13},"end":{"line":6,"column":27}},"7":{"start":{"line":6,"column":13},"end":{"line":23,"column":null}}},"fnMap":{"0":{"name":"(anonymous_2)","decl":{"start":{"line":7,"column":2},"end":{"line":7,"column":14}},"loc":{"start":{"line":7,"column":73},"end":{"line":14,"column":3}}},"1":{"name":"(anonymous_3)","decl":{"start":{"line":16,"column":2},"end":{"line":16,"column":7}},"loc":{"start":{"line":19,"column":20},"end":{"line":22,"column":3}}}},"branchMap":{},"s":{"0":2,"1":2,"2":2,"3":2,"4":2,"5":0,"6":2,"7":2},"f":{"0":2,"1":0},"b":{}}
,"/home/raj/oss/culero/backend/src/oauth/strategy/linkedin/linkedin.strategy.ts": {"path":"/home/raj/oss/culero/backend/src/oauth/strategy/linkedin/linkedin.strategy.ts","statementMap":{"0":{"start":{"line":1,"column":0},"end":{"line":1,"column":44}},"1":{"start":{"line":2,"column":0},"end":{"line":2,"column":52}},"2":{"start":{"line":3,"column":0},"end":{"line":3,"column":61}},"3":{"start":{"line":6,"column":7},"end":{"line":23,"column":null}},"4":{"start":{"line":8,"column":4},"end":{"line":13,"column":7}},"5":{"start":{"line":21,"column":4},"end":{"line":21,"column":19}},"6":{"start":{"line":6,"column":13},"end":{"line":6,"column":29}},"7":{"start":{"line":6,"column":13},"end":{"line":23,"column":null}}},"fnMap":{"0":{"name":"(anonymous_2)","decl":{"start":{"line":7,"column":2},"end":{"line":7,"column":14}},"loc":{"start":{"line":7,"column":73},"end":{"line":14,"column":3}}},"1":{"name":"(anonymous_3)","decl":{"start":{"line":16,"column":2},"end":{"line":16,"column":7}},"loc":{"start":{"line":19,"column":20},"end":{"line":22,"column":3}}}},"branchMap":{},"s":{"0":2,"1":2,"2":2,"3":2,"4":2,"5":0,"6":2,"7":2},"f":{"0":2,"1":0},"b":{}}
,"/home/raj/oss/culero/backend/src/prisma/prisma.module.ts": {"path":"/home/raj/oss/culero/backend/src/prisma/prisma.module.ts","statementMap":{"0":{"start":{"line":1,"column":0},"end":{"line":1,"column":48}},"1":{"start":{"line":2,"column":0},"end":{"line":2,"column":49}},"2":{"start":{"line":9,"column":7},"end":{"line":9,"column":null}},"3":{"start":{"line":9,"column":13},"end":{"line":9,"column":25}},"4":{"start":{"line":9,"column":13},"end":{"line":9,"column":null}}},"fnMap":{},"branchMap":{},"s":{"0":2,"1":2,"2":2,"3":2,"4":2},"f":{},"b":{}}
,"/home/raj/oss/culero/backend/src/prisma/prisma.service.ts": {"path":"/home/raj/oss/culero/backend/src/prisma/prisma.service.ts","statementMap":{"0":{"start":{"line":1,"column":0},"end":{"line":1,"column":58}},"1":{"start":{"line":2,"column":0},"end":{"line":2,"column":46}},"2":{"start":{"line":5,"column":7},"end":{"line":25,"column":null}},"3":{"start":{"line":7,"column":4},"end":{"line":7,"column":26}},"4":{"start":{"line":10,"column":4},"end":{"line":23,"column":7}},"5":{"start":{"line":5,"column":13},"end":{"line":5,"column":26}},"6":{"start":{"line":5,"column":13},"end":{"line":25,"column":null}}},"fnMap":{"0":{"name":"(anonymous_1)","decl":{"start":{"line":6,"column":2},"end":{"line":6,"column":7}},"loc":{"start":{"line":6,"column":20},"end":{"line":8,"column":3}}},"1":{"name":"(anonymous_2)","decl":{"start":{"line":9,"column":2},"end":{"line":9,"column":7}},"loc":{"start":{"line":9,"column":38},"end":{"line":24,"column":3}}}},"branchMap":{},"s":{"0":2,"1":2,"2":2,"3":2,"4":0,"5":2,"6":2},"f":{"0":2,"1":0},"b":{}}
,"/home/raj/oss/culero/backend/src/provider/provider.module.ts": {"path":"/home/raj/oss/culero/backend/src/provider/provider.module.ts","statementMap":{"0":{"start":{"line":1,"column":0},"end":{"line":1,"column":48}},"1":{"start":{"line":2,"column":0},"end":{"line":2,"column":54}},"2":{"start":{"line":14,"column":7},"end":{"line":14,"column":null}},"3":{"start":{"line":14,"column":13},"end":{"line":14,"column":27}},"4":{"start":{"line":14,"column":13},"end":{"line":14,"column":null}}},"fnMap":{},"branchMap":{},"s":{"0":2,"1":2,"2":2,"3":2,"4":2},"f":{},"b":{}}
,"/home/raj/oss/culero/backend/src/provider/s3.provider.ts": {"path":"/home/raj/oss/culero/backend/src/provider/s3.provider.ts","statementMap":{"0":{"start":{"line":1,"column":0},"end":{"line":1,"column":46}},"1":{"start":{"line":2,"column":0},"end":{"line":2,"column":50}},"2":{"start":{"line":4,"column":13},"end":{"line":4,"column":36}},"3":{"start":{"line":6,"column":13},"end":{"line":27,"column":2}},"4":{"start":{"line":9,"column":19},"end":{"line":9,"column":43}},"5":{"start":{"line":10,"column":4},"end":{"line":17,"column":5}},"6":{"start":{"line":15,"column":6},"end":{"line":15,"column":79}},"7":{"start":{"line":16,"column":6},"end":{"line":16,"column":18}},"8":{"start":{"line":19,"column":4},"end":{"line":25,"column":7}}},"fnMap":{"0":{"name":"(anonymous_0)","decl":{"start":{"line":8,"column":14},"end":{"line":8,"column":17}},"loc":{"start":{"line":8,"column":19},"end":{"line":26,"column":3}}}},"branchMap":{"0":{"loc":{"start":{"line":10,"column":4},"end":{"line":17,"column":5}},"type":"if","locations":[{"start":{"line":10,"column":4},"end":{"line":17,"column":5}}]},"1":{"loc":{"start":{"line":11,"column":6},"end":{"line":13,"column":29}},"type":"binary-expr","locations":[{"start":{"line":11,"column":6},"end":{"line":11,"column":36}},{"start":{"line":12,"column":6},"end":{"line":12,"column":40}},{"start":{"line":13,"column":6},"end":{"line":13,"column":29}}]}},"s":{"0":2,"1":2,"2":2,"3":2,"4":2,"5":2,"6":2,"7":2,"8":0},"f":{"0":2},"b":{"0":[2],"1":[2,0,0]}}
,"/home/raj/oss/culero/backend/src/schemas/review.properties.ts": {"path":"/home/raj/oss/culero/backend/src/schemas/review.properties.ts","statementMap":{"0":{"start":{"line":1,"column":13},"end":{"line":27,"column":2}},"1":{"start":{"line":29,"column":13},"end":{"line":29,"column":37}},"2":{"start":{"line":31,"column":13},"end":{"line":37,"column":2}}},"fnMap":{},"branchMap":{},"s":{"0":2,"1":2,"2":2},"f":{},"b":{}}
,"/home/raj/oss/culero/backend/src/schemas/user.properties.ts": {"path":"/home/raj/oss/culero/backend/src/schemas/user.properties.ts","statementMap":{"0":{"start":{"line":1,"column":13},"end":{"line":13,"column":2}}},"fnMap":{},"branchMap":{},"s":{"0":2},"f":{},"b":{}}
,"/home/raj/oss/culero/backend/src/user/user.module.ts": {"path":"/home/raj/oss/culero/backend/src/user/user.module.ts","statementMap":{"0":{"start":{"line":1,"column":0},"end":{"line":1,"column":40}},"1":{"start":{"line":2,"column":0},"end":{"line":2,"column":62}},"2":{"start":{"line":3,"column":0},"end":{"line":3,"column":53}},"3":{"start":{"line":9,"column":7},"end":{"line":9,"column":null}},"4":{"start":{"line":9,"column":13},"end":{"line":9,"column":23}},"5":{"start":{"line":9,"column":13},"end":{"line":9,"column":null}}},"fnMap":{},"branchMap":{},"s":{"0":2,"1":2,"2":2,"3":2,"4":2,"5":2},"f":{},"b":{}}
,"/home/raj/oss/culero/backend/src/user/controller/user.controller.ts": {"path":"/home/raj/oss/culero/backend/src/user/controller/user.controller.ts","statementMap":{"0":{"start":{"line":1,"column":0},"end":{"line":1,"column":null}},"1":{"start":{"line":11,"column":0},"end":{"line":11,"column":70}},"2":{"start":{"line":12,"column":0},"end":{"line":12,"column":54}},"3":{"start":{"line":14,"column":0},"end":{"line":14,"column":46}},"4":{"start":{"line":15,"column":0},"end":{"line":15,"column":55}},"5":{"start":{"line":16,"column":0},"end":{"line":16,"column":59}},"6":{"start":{"line":17,"column":0},"end":{"line":17,"column":null}},"7":{"start":{"line":28,"column":0},"end":{"line":28,"column":63}},"8":{"start":{"line":29,"column":0},"end":{"line":29,"column":null}},"9":{"start":{"line":35,"column":0},"end":{"line":35,"column":59}},"10":{"start":{"line":40,"column":7},"end":{"line":252,"column":null}},"11":{"start":{"line":41,"column":31},"end":{"line":41,"column":44}},"12":{"start":{"line":56,"column":4},"end":{"line":56,"column":42}},"13":{"start":{"line":75,"column":4},"end":{"line":75,"column":50}},"14":{"start":{"line":109,"column":4},"end":{"line":109,"column":61}},"15":{"start":{"line":144,"column":4},"end":{"line":144,"column":64}},"16":{"start":{"line":163,"column":4},"end":{"line":163,"column":55}},"17":{"start":{"line":185,"column":4},"end":{"line":185,"column":72}},"18":{"start":{"line":206,"column":4},"end":{"line":206,"column":58}},"19":{"start":{"line":230,"column":4},"end":{"line":230,"column":67}},"20":{"start":{"line":250,"column":4},"end":{"line":250,"column":47}},"21":{"start":{"line":40,"column":13},"end":{"line":40,"column":27}},"22":{"start":{"line":55,"column":8},"end":{"line":57,"column":null}},"23":{"start":{"line":71,"column":8},"end":{"line":76,"column":null}},"24":{"start":{"line":105,"column":8},"end":{"line":110,"column":null}},"25":{"start":{"line":139,"column":8},"end":{"line":145,"column":null}},"26":{"start":{"line":162,"column":8},"end":{"line":164,"column":null}},"27":{"start":{"line":181,"column":8},"end":{"line":186,"column":null}},"28":{"start":{"line":205,"column":8},"end":{"line":207,"column":null}},"29":{"start":{"line":226,"column":8},"end":{"line":231,"column":null}},"30":{"start":{"line":249,"column":8},"end":{"line":251,"column":null}},"31":{"start":{"line":40,"column":13},"end":{"line":252,"column":null}}},"fnMap":{"0":{"name":"(anonymous_4)","decl":{"start":{"line":41,"column":2},"end":{"line":41,"column":31}},"loc":{"start":{"line":41,"column":55},"end":{"line":41,"column":59}}},"1":{"name":"(anonymous_5)","decl":{"start":{"line":55,"column":2},"end":{"line":55,"column":7}},"loc":{"start":{"line":55,"column":48},"end":{"line":57,"column":3}}},"2":{"name":"(anonymous_6)","decl":{"start":{"line":71,"column":2},"end":{"line":71,"column":7}},"loc":{"start":{"line":73,"column":30},"end":{"line":76,"column":3}}},"3":{"name":"(anonymous_7)","decl":{"start":{"line":105,"column":2},"end":{"line":105,"column":7}},"loc":{"start":{"line":107,"column":45},"end":{"line":110,"column":3}}},"4":{"name":"(anonymous_8)","decl":{"start":{"line":139,"column":2},"end":{"line":139,"column":7}},"loc":{"start":{"line":142,"column":29},"end":{"line":145,"column":3}}},"5":{"name":"(anonymous_9)","decl":{"start":{"line":162,"column":2},"end":{"line":162,"column":7}},"loc":{"start":{"line":162,"column":48},"end":{"line":164,"column":3}}},"6":{"name":"(anonymous_10)","decl":{"start":{"line":181,"column":2},"end":{"line":181,"column":7}},"loc":{"start":{"line":183,"column":43},"end":{"line":186,"column":3}}},"7":{"name":"(anonymous_11)","decl":{"start":{"line":205,"column":2},"end":{"line":205,"column":7}},"loc":{"start":{"line":205,"column":48},"end":{"line":207,"column":3}}},"8":{"name":"(anonymous_12)","decl":{"start":{"line":226,"column":2},"end":{"line":226,"column":7}},"loc":{"start":{"line":228,"column":35},"end":{"line":231,"column":3}}},"9":{"name":"(anonymous_13)","decl":{"start":{"line":249,"column":2},"end":{"line":249,"column":7}},"loc":{"start":{"line":249,"column":49},"end":{"line":251,"column":3}}}},"branchMap":{},"s":{"0":2,"1":2,"2":2,"3":2,"4":2,"5":2,"6":2,"7":2,"8":2,"9":2,"10":2,"11":2,"12":1,"13":2,"14":0,"15":4,"16":1,"17":1,"18":1,"19":1,"20":1,"21":2,"22":2,"23":2,"24":2,"25":2,"26":2,"27":2,"28":2,"29":2,"30":2,"31":2},"f":{"0":2,"1":1,"2":2,"3":0,"4":4,"5":1,"6":1,"7":1,"8":1,"9":1},"b":{}}
,"/home/raj/oss/culero/backend/src/user/dto/rating.dto.ts": {"path":"/home/raj/oss/culero/backend/src/user/dto/rating.dto.ts","statementMap":{"0":{"start":{"line":1,"column":0},"end":{"line":1,"column":46}},"1":{"start":{"line":2,"column":0},"end":{"line":2,"column":null}},"2":{"start":{"line":11,"column":0},"end":{"line":11,"column":13}},"3":{"start":{"line":23,"column":2},"end":{"line":23,"column":null}},"4":{"start":{"line":36,"column":2},"end":{"line":36,"column":null}},"5":{"start":{"line":49,"column":2},"end":{"line":49,"column":null}},"6":{"start":{"line":59,"column":2},"end":{"line":59,"column":null}},"7":{"start":{"line":69,"column":2},"end":{"line":69,"column":null}}},"fnMap":{},"branchMap":{},"s":{"0":2,"1":2,"2":2,"3":2,"4":2,"5":2,"6":2,"7":2},"f":{},"b":{}}
,"/home/raj/oss/culero/backend/src/user/dto/update-user.dto.ts": {"path":"/home/raj/oss/culero/backend/src/user/dto/update-user.dto.ts","statementMap":{"0":{"start":{"line":1,"column":0},"end":{"line":1,"column":46}},"1":{"start":{"line":2,"column":0},"end":{"line":2,"column":55}},"2":{"start":{"line":4,"column":0},"end":{"line":4,"column":13}},"3":{"start":{"line":13,"column":2},"end":{"line":13,"column":null}},"4":{"start":{"line":23,"column":2},"end":{"line":23,"column":null}}},"fnMap":{},"branchMap":{},"s":{"0":2,"1":2,"2":2,"3":2,"4":2},"f":{},"b":{}}
,"/home/raj/oss/culero/backend/src/user/service/user.service.ts": {"path":"/home/raj/oss/culero/backend/src/user/service/user.service.ts","statementMap":{"0":{"start":{"line":1,"column":0},"end":{"line":1,"column":null}},"1":{"start":{"line":11,"column":0},"end":{"line":11,"column":60}},"2":{"start":{"line":14,"column":0},"end":{"line":14,"column":64}},"3":{"start":{"line":15,"column":0},"end":{"line":15,"column":55}},"4":{"start":{"line":18,"column":7},"end":{"line":205,"column":null}},"5":{"start":{"line":22,"column":40},"end":{"line":22,"column":44}},"6":{"start":{"line":23,"column":21},"end":{"line":23,"column":29}},"7":{"start":{"line":19,"column":19},"end":{"line":19,"column":54}},"8":{"start":{"line":27,"column":4},"end":{"line":27,"column":16}},"9":{"start":{"line":31,"column":4},"end":{"line":37,"column":7}},"10":{"start":{"line":41,"column":29},"end":{"line":46,"column":6}},"11":{"start":{"line":48,"column":4},"end":{"line":63,"column":5}},"12":{"start":{"line":49,"column":6},"end":{"line":49,"column":43}},"13":{"start":{"line":50,"column":6},"end":{"line":50,"column":50}},"14":{"start":{"line":52,"column":6},"end":{"line":57,"column":9}},"15":{"start":{"line":59,"column":6},"end":{"line":59,"column":29}},"16":{"start":{"line":60,"column":6},"end":{"line":62,"column":8}},"17":{"start":{"line":67,"column":22},"end":{"line":69,"column":6}},"18":{"start":{"line":72,"column":4},"end":{"line":74,"column":5}},"19":{"start":{"line":73,"column":6},"end":{"line":73,"column":52}},"20":{"start":{"line":77,"column":4},"end":{"line":79,"column":5}},"21":{"start":{"line":78,"column":6},"end":{"line":78,"column":64}},"22":{"start":{"line":81,"column":4},"end":{"line":81,"column":49}},"23":{"start":{"line":84,"column":4},"end":{"line":94,"column":7}},"24":{"start":{"line":98,"column":4},"end":{"line":98,"column":39}},"25":{"start":{"line":98,"column":14},"end":{"line":98,"column":39}},"26":{"start":{"line":100,"column":20},"end":{"line":105,"column":6}},"27":{"start":{"line":107,"column":4},"end":{"line":115,"column":8}},"28":{"start":{"line":107,"column":36},"end":{"line":115,"column":6}},"29":{"start":{"line":119,"column":4},"end":{"line":121,"column":5}},"30":{"start":{"line":120,"column":6},"end":{"line":120,"column":63}},"31":{"start":{"line":122,"column":18},"end":{"line":135,"column":6}},"32":{"start":{"line":136,"column":4},"end":{"line":136,"column":17}},"33":{"start":{"line":144,"column":17},"end":{"line":144,"column":48}},"34":{"start":{"line":145,"column":4},"end":{"line":147,"column":5}},"35":{"start":{"line":146,"column":6},"end":{"line":146,"column":52}},"36":{"start":{"line":151,"column":25},"end":{"line":151,"column":58}},"37":{"start":{"line":152,"column":4},"end":{"line":156,"column":5}},"38":{"start":{"line":153,"column":6},"end":{"line":155,"column":8}},"39":{"start":{"line":159,"column":4},"end":{"line":165,"column":7}},"40":{"start":{"line":167,"column":4},"end":{"line":167,"column":16}},"41":{"start":{"line":171,"column":4},"end":{"line":171,"column":31}},"42":{"start":{"line":171,"column":14},"end":{"line":171,"column":31}},"43":{"start":{"line":173,"column":19},"end":{"line":180,"column":6}},"44":{"start":{"line":182,"column":4},"end":{"line":191,"column":6}},"45":{"start":{"line":195,"column":4},"end":{"line":195,"column":64}},"46":{"start":{"line":199,"column":4},"end":{"line":203,"column":7}},"47":{"start":{"line":18,"column":13},"end":{"line":18,"column":24}},"48":{"start":{"line":18,"column":13},"end":{"line":205,"column":null}}},"fnMap":{"0":{"name":"(anonymous_4)","decl":{"start":{"line":21,"column":2},"end":{"line":21,"column":null}},"loc":{"start":{"line":23,"column":42},"end":{"line":24,"column":6}}},"1":{"name":"(anonymous_5)","decl":{"start":{"line":26,"column":2},"end":{"line":26,"column":7}},"loc":{"start":{"line":26,"column":26},"end":{"line":28,"column":3}}},"2":{"name":"(anonymous_6)","decl":{"start":{"line":30,"column":2},"end":{"line":30,"column":7}},"loc":{"start":{"line":30,"column":49},"end":{"line":38,"column":3}}},"3":{"name":"(anonymous_7)","decl":{"start":{"line":40,"column":2},"end":{"line":40,"column":7}},"loc":{"start":{"line":40,"column":66},"end":{"line":64,"column":3}}},"4":{"name":"(anonymous_8)","decl":{"start":{"line":66,"column":2},"end":{"line":66,"column":7}},"loc":{"start":{"line":66,"column":71},"end":{"line":95,"column":3}}},"5":{"name":"(anonymous_9)","decl":{"start":{"line":97,"column":2},"end":{"line":97,"column":7}},"loc":{"start":{"line":97,"column":77},"end":{"line":116,"column":3}}},"6":{"name":"(anonymous_10)","decl":{"start":{"line":107,"column":23},"end":{"line":107,"column":24}},"loc":{"start":{"line":107,"column":36},"end":{"line":115,"column":6}}},"7":{"name":"(anonymous_11)","decl":{"start":{"line":118,"column":2},"end":{"line":118,"column":7}},"loc":{"start":{"line":118,"column":39},"end":{"line":137,"column":3}}},"8":{"name":"(anonymous_12)","decl":{"start":{"line":139,"column":2},"end":{"line":139,"column":7}},"loc":{"start":{"line":142,"column":23},"end":{"line":168,"column":3}}},"9":{"name":"(anonymous_13)","decl":{"start":{"line":170,"column":2},"end":{"line":170,"column":7}},"loc":{"start":{"line":170,"column":72},"end":{"line":192,"column":3}}},"10":{"name":"(anonymous_14)","decl":{"start":{"line":194,"column":10},"end":{"line":194,"column":15}},"loc":{"start":{"line":194,"column":39},"end":{"line":196,"column":3}}},"11":{"name":"(anonymous_15)","decl":{"start":{"line":198,"column":10},"end":{"line":198,"column":15}},"loc":{"start":{"line":198,"column":45},"end":{"line":204,"column":3}}}},"branchMap":{"0":{"loc":{"start":{"line":72,"column":4},"end":{"line":74,"column":5}},"type":"if","locations":[{"start":{"line":72,"column":4},"end":{"line":74,"column":5}}]},"1":{"loc":{"start":{"line":77,"column":4},"end":{"line":79,"column":5}},"type":"if","locations":[{"start":{"line":77,"column":4},"end":{"line":79,"column":5}}]},"2":{"loc":{"start":{"line":81,"column":23},"end":{"line":81,"column":48}},"type":"binary-expr","locations":[{"start":{"line":81,"column":23},"end":{"line":81,"column":39}},{"start":{"line":81,"column":43},"end":{"line":81,"column":48}}]},"3":{"loc":{"start":{"line":87,"column":21},"end":{"line":87,"column":54}},"type":"cond-expr","locations":[{"start":{"line":87,"column":40},"end":{"line":87,"column":44}},{"start":{"line":87,"column":47},"end":{"line":87,"column":54}}]},"4":{"loc":{"start":{"line":98,"column":4},"end":{"line":98,"column":39}},"type":"if","locations":[{"start":{"line":98,"column":4},"end":{"line":98,"column":39}}]},"5":{"loc":{"start":{"line":108,"column":16},"end":{"line":108,"column":70}},"type":"cond-expr","locations":[{"start":{"line":108,"column":35},"end":{"line":108,"column":56}},{"start":{"line":108,"column":59},"end":{"line":108,"column":70}}]},"6":{"loc":{"start":{"line":114,"column":15},"end":{"line":114,"column":49}},"type":"cond-expr","locations":[{"start":{"line":114,"column":23},"end":{"line":114,"column":37}},{"start":{"line":114,"column":40},"end":{"line":114,"column":49}}]},"7":{"loc":{"start":{"line":119,"column":4},"end":{"line":121,"column":5}},"type":"if","locations":[{"start":{"line":119,"column":4},"end":{"line":121,"column":5}}]},"8":{"loc":{"start":{"line":145,"column":4},"end":{"line":147,"column":5}},"type":"if","locations":[{"start":{"line":145,"column":4},"end":{"line":147,"column":5}}]},"9":{"loc":{"start":{"line":152,"column":4},"end":{"line":156,"column":5}},"type":"if","locations":[{"start":{"line":152,"column":4},"end":{"line":156,"column":5}}]},"10":{"loc":{"start":{"line":152,"column":8},"end":{"line":152,"column":51}},"type":"binary-expr","locations":[{"start":{"line":152,"column":8},"end":{"line":152,"column":20}},{"start":{"line":152,"column":24},"end":{"line":152,"column":51}}]},"11":{"loc":{"start":{"line":171,"column":4},"end":{"line":171,"column":31}},"type":"if","locations":[{"start":{"line":171,"column":4},"end":{"line":171,"column":31}}]},"12":{"loc":{"start":{"line":183,"column":23},"end":{"line":183,"column":55}},"type":"binary-expr","locations":[{"start":{"line":183,"column":23},"end":{"line":183,"column":50}},{"start":{"line":183,"column":54},"end":{"line":183,"column":55}}]},"13":{"loc":{"start":{"line":184,"column":19},"end":{"line":184,"column":47}},"type":"binary-expr","locations":[{"start":{"line":184,"column":19},"end":{"line":184,"column":42}},{"start":{"line":184,"column":46},"end":{"line":184,"column":47}}]},"14":{"loc":{"start":{"line":185,"column":21},"end":{"line":185,"column":51}},"type":"binary-expr","locations":[{"start":{"line":185,"column":21},"end":{"line":185,"column":46}},{"start":{"line":185,"column":50},"end":{"line":185,"column":51}}]}},"s":{"0":2,"1":2,"2":2,"3":2,"4":2,"5":2,"6":2,"7":2,"8":1,"9":2,"10":0,"11":0,"12":0,"13":0,"14":0,"15":0,"16":0,"17":4,"18":4,"19":1,"20":3,"21":1,"22":2,"23":2,"24":2,"25":1,"26":2,"27":2,"28":3,"29":1,"30":0,"31":1,"32":1,"33":0,"34":0,"35":0,"36":0,"37":0,"38":0,"39":0,"40":0,"41":2,"42":1,"43":2,"44":2,"45":0,"46":0,"47":2,"48":2},"f":{"0":2,"1":1,"2":2,"3":0,"4":4,"5":2,"6":3,"7":1,"8":0,"9":2,"10":0,"11":0},"b":{"0":[1],"1":[1],"2":[2,1],"3":[1,1],"4":[1],"5":[3,0],"6":[2,1],"7":[0],"8":[0],"9":[0],"10":[0,0],"11":[1],"12":[2,0],"13":[2,0],"14":[2,0]}}
}
